<?xml version="1.0" encoding="UTF-8"?>
<testsuite name="TestSuite" time="30.385" tests="18" errors="0" skipped="0" failures="2">
  <properties>
[...]
</properties>
  <testcase name="assertElementsOnPage" classname="Login" time="8.998"/>
  <testcase name="dontHaveAccount" classname="Login" time="2.062"/>
  <testcase name="asserHideMenu" classname="SideMenu" time="0.978"/>
  <testcase name="enterEmail" classname="Login" time="0.722"/>
  <testcase name="enterMaxEmail" classname="Login" time="1.179"/>
  <testcase name="enterMaxPassword" classname="Login" time="1.294"/>
  <testcase name="enterMinPassword" classname="Login" time="2.921"/>
  <testcase name="asserItemLinks" classname="SideMenu" time="1.229"/>
  <testcase name="assertActiveItem" classname="SideMenu" time="0.411">
    <failure message="element not visible&#10;  (Session info: chrome=60.0.3112.113)&#10;  (Driver info: chromedriver=2.29.461591 (62ebf098771772160f391d75e589dc567915b233),platform=Windows NT 10.0.14393 x86_64) (WARNING: The server did not provide any stacktrace information)&#10;Command duration or timeout: 162 milliseconds&#10;Build info: version: &apos;3.4.0&apos;, revision: &apos;unknown&apos;, time: &apos;unknown&apos;&#10;System info: host: &apos;DESKTOP-D6S82PI&apos;, ip: &apos;192.168.230.2&apos;, os.name: &apos;Windows 10&apos;, os.arch: &apos;amd64&apos;, os.version: &apos;10.0&apos;, java.version: &apos;1.8.0_121&apos;&#10;Driver info: org.openqa.selenium.chrome.ChromeDriver&#10;Capabilities [{applicationCacheEnabled=false, rotatable=false, mobileEmulationEnabled=false, networkConnectionEnabled=false, chrome={chromedriverVersion=2.29.461591 (62ebf098771772160f391d75e589dc567915b233), userDataDir=C:\Users\3671~1\AppData\Local\Temp\scoped_dir7008_398}, takesHeapSnapshot=true, pageLoadStrategy=normal, databaseEnabled=false, handlesAlerts=true, hasTouchScreen=false, version=60.0.3112.113, platform=XP, browserConnectionEnabled=false, nativeEvents=true, acceptSslCerts=true, locationContextEnabled=true, webStorageEnabled=true, browserName=chrome, takesScreenshot=true, javascriptEnabled=true, cssSelectorsEnabled=true, unexpectedAlertBehaviour=}]&#10;Session ID: b5b3c5c5de5f61650519d2d29d48958e" type="org.openqa.selenium.ElementNotVisibleException">org.openqa.selenium.ElementNotVisibleException: element not visible
  (Session info: chrome=60.0.3112.113)
  (Driver info: chromedriver=2.29.461591 (62ebf098771772160f391d75e589dc567915b233),platform=Windows NT 10.0.14393 x86_64) (WARNING: The server did not provide any stacktrace information)
Command duration or timeout: 162 milliseconds
Build info: version: '3.4.0', revision: 'unknown', time: 'unknown'
System info: host: 'DESKTOP-D6S82PI', ip: '192.168.230.2', os.name: 'Windows 10', os.arch: 'amd64', os.version: '10.0', java.version: '1.8.0_121'
Driver info: org.openqa.selenium.chrome.ChromeDriver
Capabilities [{applicationCacheEnabled=false, rotatable=false, mobileEmulationEnabled=false, networkConnectionEnabled=false, chrome={chromedriverVersion=2.29.461591 (62ebf098771772160f391d75e589dc567915b233), userDataDir=C:\Users\3671~1\AppData\Local\Temp\scoped_dir7008_398}, takesHeapSnapshot=true, pageLoadStrategy=normal, databaseEnabled=false, handlesAlerts=true, hasTouchScreen=false, version=60.0.3112.113, platform=XP, browserConnectionEnabled=false, nativeEvents=true, acceptSslCerts=true, locationContextEnabled=true, webStorageEnabled=true, browserName=chrome, takesScreenshot=true, javascriptEnabled=true, cssSelectorsEnabled=true, unexpectedAlertBehaviour=}]
Session ID: b5b3c5c5de5f61650519d2d29d48958e
	at sun.reflect.NativeConstructorAccessorImpl.newInstance0(Native Method)
	at sun.reflect.NativeConstructorAccessorImpl.newInstance(NativeConstructorAccessorImpl.java:62)
	at sun.reflect.DelegatingConstructorAccessorImpl.newInstance(DelegatingConstructorAccessorImpl.java:45)
	at java.lang.reflect.Constructor.newInstance(Constructor.java:423)
	at org.openqa.selenium.remote.ErrorHandler.createThrowable(ErrorHandler.java:215)
	at org.openqa.selenium.remote.ErrorHandler.throwIfResponseFailed(ErrorHandler.java:167)
	at org.openqa.selenium.remote.RemoteWebDriver.execute(RemoteWebDriver.java:671)
	at org.openqa.selenium.remote.RemoteWebElement.execute(RemoteWebElement.java:272)
	at org.openqa.selenium.remote.RemoteWebElement.click(RemoteWebElement.java:82)
	at ui.SideMenuPage.clickUpcomingItem(SideMenuPage.java:44)
	at SideMenu.assertActiveItem(SideMenu.java:137)
</failure>
    <system-out><![CDATA[2017-09-01 18:03:49 DEBUG RequestAddCookies:123 - CookieSpec selected: default
2017-09-01 18:03:49 DEBUG RequestAuthCache:77 - Auth cache not set in the context
2017-09-01 18:03:49 DEBUG PoolingHttpClientConnectionManager:255 - Connection request: [route: {}->http://localhost:2055][total kept alive: 0; route allocated: 0 of 2000; total allocated: 1 of 2000]
2017-09-01 18:03:49 DEBUG PoolingHttpClientConnectionManager:288 - Connection leased: [id: 96][route: {}->http://localhost:2055][total kept alive: 0; route allocated: 1 of 2000; total allocated: 2 of 2000]
2017-09-01 18:03:49 DEBUG MainClientExec:235 - Opening connection {}->http://localhost:2055
2017-09-01 18:03:49 DEBUG DefaultHttpClientConnectionOperator:139 - Connecting to localhost/127.0.0.1:2055
2017-09-01 18:03:49 DEBUG DefaultHttpClientConnectionOperator:146 - Connection established 127.0.0.1:64042<->127.0.0.1:2055
2017-09-01 18:03:49 DEBUG DefaultManagedHttpClientConnection:88 - http-outgoing-96: set socket timeout to 10800000
2017-09-01 18:03:49 DEBUG MainClientExec:256 - Executing request POST /session/b5b3c5c5de5f61650519d2d29d48958e/window/current/maximize HTTP/1.1
2017-09-01 18:03:49 DEBUG MainClientExec:261 - Target auth state: UNCHALLENGED
2017-09-01 18:03:49 DEBUG MainClientExec:267 - Proxy auth state: UNCHALLENGED
2017-09-01 18:03:49 DEBUG headers:133 - http-outgoing-96 >> POST /session/b5b3c5c5de5f61650519d2d29d48958e/window/current/maximize HTTP/1.1
2017-09-01 18:03:49 DEBUG headers:136 - http-outgoing-96 >> Content-Type: application/json; charset=utf-8
2017-09-01 18:03:49 DEBUG headers:136 - http-outgoing-96 >> Content-Length: 45
2017-09-01 18:03:49 DEBUG headers:136 - http-outgoing-96 >> Host: localhost:2055
2017-09-01 18:03:49 DEBUG headers:136 - http-outgoing-96 >> Connection: Keep-Alive
2017-09-01 18:03:49 DEBUG headers:136 - http-outgoing-96 >> User-Agent: Apache-HttpClient/4.5.3 (Java/1.8.0_121)
2017-09-01 18:03:49 DEBUG headers:136 - http-outgoing-96 >> Accept-Encoding: gzip,deflate
2017-09-01 18:03:49 DEBUG wire:73 - http-outgoing-96 >> "POST /session/b5b3c5c5de5f61650519d2d29d48958e/window/current/maximize HTTP/1.1[\r][\n]"
2017-09-01 18:03:49 DEBUG wire:73 - http-outgoing-96 >> "Content-Type: application/json; charset=utf-8[\r][\n]"
2017-09-01 18:03:49 DEBUG wire:73 - http-outgoing-96 >> "Content-Length: 45[\r][\n]"
2017-09-01 18:03:49 DEBUG wire:73 - http-outgoing-96 >> "Host: localhost:2055[\r][\n]"
2017-09-01 18:03:49 DEBUG wire:73 - http-outgoing-96 >> "Connection: Keep-Alive[\r][\n]"
2017-09-01 18:03:49 DEBUG wire:73 - http-outgoing-96 >> "User-Agent: Apache-HttpClient/4.5.3 (Java/1.8.0_121)[\r][\n]"
2017-09-01 18:03:49 DEBUG wire:73 - http-outgoing-96 >> "Accept-Encoding: gzip,deflate[\r][\n]"
2017-09-01 18:03:49 DEBUG wire:73 - http-outgoing-96 >> "[\r][\n]"
2017-09-01 18:03:49 DEBUG wire:87 - http-outgoing-96 >> "{"windowHandle":"current","handle":"current"}"
2017-09-01 18:03:49 DEBUG wire:73 - http-outgoing-96 << "HTTP/1.1 200 OK[\r][\n]"
2017-09-01 18:03:49 DEBUG wire:73 - http-outgoing-96 << "Content-Length:72[\r][\n]"
2017-09-01 18:03:49 DEBUG wire:73 - http-outgoing-96 << "Content-Type:application/json; charset=utf-8[\r][\n]"
2017-09-01 18:03:49 DEBUG wire:73 - http-outgoing-96 << "Connection:close[\r][\n]"
2017-09-01 18:03:49 DEBUG wire:73 - http-outgoing-96 << "[\r][\n]"
2017-09-01 18:03:49 DEBUG wire:87 - http-outgoing-96 << "{"sessionId":"b5b3c5c5de5f61650519d2d29d48958e","status":0,"value":null}"
2017-09-01 18:03:49 DEBUG headers:122 - http-outgoing-96 << HTTP/1.1 200 OK
2017-09-01 18:03:49 DEBUG headers:125 - http-outgoing-96 << Content-Length:72
2017-09-01 18:03:49 DEBUG headers:125 - http-outgoing-96 << Content-Type:application/json; charset=utf-8
2017-09-01 18:03:49 DEBUG headers:125 - http-outgoing-96 << Connection:close
2017-09-01 18:03:49 DEBUG DefaultManagedHttpClientConnection:79 - http-outgoing-96: Close connection
2017-09-01 18:03:49 DEBUG MainClientExec:104 - Connection discarded
2017-09-01 18:03:49 DEBUG PoolingHttpClientConnectionManager:326 - Connection released: [id: 96][route: {}->http://localhost:2055][total kept alive: 0; route allocated: 0 of 2000; total allocated: 1 of 2000]
2017-09-01 18:03:49 DEBUG RequestAddCookies:123 - CookieSpec selected: default
2017-09-01 18:03:49 DEBUG RequestAuthCache:77 - Auth cache not set in the context
2017-09-01 18:03:49 DEBUG PoolingHttpClientConnectionManager:255 - Connection request: [route: {}->http://localhost:2055][total kept alive: 0; route allocated: 0 of 2000; total allocated: 1 of 2000]
2017-09-01 18:03:49 DEBUG PoolingHttpClientConnectionManager:288 - Connection leased: [id: 97][route: {}->http://localhost:2055][total kept alive: 0; route allocated: 1 of 2000; total allocated: 2 of 2000]
2017-09-01 18:03:49 DEBUG MainClientExec:235 - Opening connection {}->http://localhost:2055
2017-09-01 18:03:49 DEBUG DefaultHttpClientConnectionOperator:139 - Connecting to localhost/127.0.0.1:2055
2017-09-01 18:03:49 DEBUG DefaultHttpClientConnectionOperator:146 - Connection established 127.0.0.1:64043<->127.0.0.1:2055
2017-09-01 18:03:49 DEBUG DefaultManagedHttpClientConnection:88 - http-outgoing-97: set socket timeout to 10800000
2017-09-01 18:03:49 DEBUG MainClientExec:256 - Executing request POST /session/b5b3c5c5de5f61650519d2d29d48958e/element HTTP/1.1
2017-09-01 18:03:49 DEBUG MainClientExec:261 - Target auth state: UNCHALLENGED
2017-09-01 18:03:49 DEBUG MainClientExec:267 - Proxy auth state: UNCHALLENGED
2017-09-01 18:03:49 DEBUG headers:133 - http-outgoing-97 >> POST /session/b5b3c5c5de5f61650519d2d29d48958e/element HTTP/1.1
2017-09-01 18:03:49 DEBUG headers:136 - http-outgoing-97 >> Content-Type: application/json; charset=utf-8
2017-09-01 18:03:49 DEBUG headers:136 - http-outgoing-97 >> Content-Length: 90
2017-09-01 18:03:49 DEBUG headers:136 - http-outgoing-97 >> Host: localhost:2055
2017-09-01 18:03:49 DEBUG headers:136 - http-outgoing-97 >> Connection: Keep-Alive
2017-09-01 18:03:49 DEBUG headers:136 - http-outgoing-97 >> User-Agent: Apache-HttpClient/4.5.3 (Java/1.8.0_121)
2017-09-01 18:03:49 DEBUG headers:136 - http-outgoing-97 >> Accept-Encoding: gzip,deflate
2017-09-01 18:03:49 DEBUG wire:73 - http-outgoing-97 >> "POST /session/b5b3c5c5de5f61650519d2d29d48958e/element HTTP/1.1[\r][\n]"
2017-09-01 18:03:49 DEBUG wire:73 - http-outgoing-97 >> "Content-Type: application/json; charset=utf-8[\r][\n]"
2017-09-01 18:03:49 DEBUG wire:73 - http-outgoing-97 >> "Content-Length: 90[\r][\n]"
2017-09-01 18:03:49 DEBUG wire:73 - http-outgoing-97 >> "Host: localhost:2055[\r][\n]"
2017-09-01 18:03:49 DEBUG wire:73 - http-outgoing-97 >> "Connection: Keep-Alive[\r][\n]"
2017-09-01 18:03:49 DEBUG wire:73 - http-outgoing-97 >> "User-Agent: Apache-HttpClient/4.5.3 (Java/1.8.0_121)[\r][\n]"
2017-09-01 18:03:49 DEBUG wire:73 - http-outgoing-97 >> "Accept-Encoding: gzip,deflate[\r][\n]"
2017-09-01 18:03:49 DEBUG wire:73 - http-outgoing-97 >> "[\r][\n]"
2017-09-01 18:03:49 DEBUG wire:87 - http-outgoing-97 >> "{"using":"xpath","value":"//*[@id=\"app\"]/div/div[1]/div/div[2]/div/ul/li[1]/ul/li[1]/a"}"
2017-09-01 18:03:49 DEBUG wire:73 - http-outgoing-97 << "HTTP/1.1 200 OK[\r][\n]"
2017-09-01 18:03:49 DEBUG wire:73 - http-outgoing-97 << "Content-Length:101[\r][\n]"
2017-09-01 18:03:49 DEBUG wire:73 - http-outgoing-97 << "Content-Type:application/json; charset=utf-8[\r][\n]"
2017-09-01 18:03:49 DEBUG wire:73 - http-outgoing-97 << "Connection:close[\r][\n]"
2017-09-01 18:03:49 DEBUG wire:73 - http-outgoing-97 << "[\r][\n]"
2017-09-01 18:03:49 DEBUG wire:87 - http-outgoing-97 << "{"sessionId":"b5b3c5c5de5f61650519d2d29d48958e","status":0,"value":{"ELEMENT":"0.967513451722845-3"}}"
2017-09-01 18:03:49 DEBUG headers:122 - http-outgoing-97 << HTTP/1.1 200 OK
2017-09-01 18:03:49 DEBUG headers:125 - http-outgoing-97 << Content-Length:101
2017-09-01 18:03:49 DEBUG headers:125 - http-outgoing-97 << Content-Type:application/json; charset=utf-8
2017-09-01 18:03:49 DEBUG headers:125 - http-outgoing-97 << Connection:close
2017-09-01 18:03:49 DEBUG DefaultManagedHttpClientConnection:79 - http-outgoing-97: Close connection
2017-09-01 18:03:49 DEBUG MainClientExec:104 - Connection discarded
2017-09-01 18:03:49 DEBUG PoolingHttpClientConnectionManager:326 - Connection released: [id: 97][route: {}->http://localhost:2055][total kept alive: 0; route allocated: 0 of 2000; total allocated: 1 of 2000]
2017-09-01 18:03:49 DEBUG RequestAddCookies:123 - CookieSpec selected: default
2017-09-01 18:03:49 DEBUG RequestAuthCache:77 - Auth cache not set in the context
2017-09-01 18:03:49 DEBUG PoolingHttpClientConnectionManager:255 - Connection request: [route: {}->http://localhost:2055][total kept alive: 0; route allocated: 0 of 2000; total allocated: 1 of 2000]
2017-09-01 18:03:49 DEBUG PoolingHttpClientConnectionManager:288 - Connection leased: [id: 98][route: {}->http://localhost:2055][total kept alive: 0; route allocated: 1 of 2000; total allocated: 2 of 2000]
2017-09-01 18:03:49 DEBUG MainClientExec:235 - Opening connection {}->http://localhost:2055
2017-09-01 18:03:49 DEBUG DefaultHttpClientConnectionOperator:139 - Connecting to localhost/127.0.0.1:2055
2017-09-01 18:03:49 DEBUG DefaultHttpClientConnectionOperator:146 - Connection established 127.0.0.1:64044<->127.0.0.1:2055
2017-09-01 18:03:49 DEBUG DefaultManagedHttpClientConnection:88 - http-outgoing-98: set socket timeout to 10800000
2017-09-01 18:03:49 DEBUG MainClientExec:256 - Executing request POST /session/b5b3c5c5de5f61650519d2d29d48958e/element/0.967513451722845-3/click HTTP/1.1
2017-09-01 18:03:49 DEBUG MainClientExec:261 - Target auth state: UNCHALLENGED
2017-09-01 18:03:49 DEBUG MainClientExec:267 - Proxy auth state: UNCHALLENGED
2017-09-01 18:03:49 DEBUG headers:133 - http-outgoing-98 >> POST /session/b5b3c5c5de5f61650519d2d29d48958e/element/0.967513451722845-3/click HTTP/1.1
2017-09-01 18:03:49 DEBUG headers:136 - http-outgoing-98 >> Content-Type: application/json; charset=utf-8
2017-09-01 18:03:49 DEBUG headers:136 - http-outgoing-98 >> Content-Length: 28
2017-09-01 18:03:49 DEBUG headers:136 - http-outgoing-98 >> Host: localhost:2055
2017-09-01 18:03:49 DEBUG headers:136 - http-outgoing-98 >> Connection: Keep-Alive
2017-09-01 18:03:49 DEBUG headers:136 - http-outgoing-98 >> User-Agent: Apache-HttpClient/4.5.3 (Java/1.8.0_121)
2017-09-01 18:03:49 DEBUG headers:136 - http-outgoing-98 >> Accept-Encoding: gzip,deflate
2017-09-01 18:03:49 DEBUG wire:73 - http-outgoing-98 >> "POST /session/b5b3c5c5de5f61650519d2d29d48958e/element/0.967513451722845-3/click HTTP/1.1[\r][\n]"
2017-09-01 18:03:49 DEBUG wire:73 - http-outgoing-98 >> "Content-Type: application/json; charset=utf-8[\r][\n]"
2017-09-01 18:03:49 DEBUG wire:73 - http-outgoing-98 >> "Content-Length: 28[\r][\n]"
2017-09-01 18:03:49 DEBUG wire:73 - http-outgoing-98 >> "Host: localhost:2055[\r][\n]"
2017-09-01 18:03:49 DEBUG wire:73 - http-outgoing-98 >> "Connection: Keep-Alive[\r][\n]"
2017-09-01 18:03:49 DEBUG wire:73 - http-outgoing-98 >> "User-Agent: Apache-HttpClient/4.5.3 (Java/1.8.0_121)[\r][\n]"
2017-09-01 18:03:49 DEBUG wire:73 - http-outgoing-98 >> "Accept-Encoding: gzip,deflate[\r][\n]"
2017-09-01 18:03:49 DEBUG wire:73 - http-outgoing-98 >> "[\r][\n]"
2017-09-01 18:03:49 DEBUG wire:87 - http-outgoing-98 >> "{"id":"0.967513451722845-3"}"
2017-09-01 18:03:49 DEBUG wire:73 - http-outgoing-95 << "HTTP/1.1 200 OK[\r][\n]"
2017-09-01 18:03:49 DEBUG wire:73 - http-outgoing-95 << "Content-Length:72[\r][\n]"
2017-09-01 18:03:49 DEBUG wire:73 - http-outgoing-95 << "Content-Type:application/json; charset=utf-8[\r][\n]"
2017-09-01 18:03:49 DEBUG wire:73 - http-outgoing-95 << "Connection:close[\r][\n]"
2017-09-01 18:03:49 DEBUG wire:73 - http-outgoing-95 << "[\r][\n]"
2017-09-01 18:03:49 DEBUG wire:87 - http-outgoing-95 << "{"sessionId":"4bda34b5000fa186102c5d08e8c57dab","status":0,"value":null}"
2017-09-01 18:03:49 DEBUG headers:122 - http-outgoing-95 << HTTP/1.1 200 OK
2017-09-01 18:03:49 DEBUG headers:125 - http-outgoing-95 << Content-Length:72
2017-09-01 18:03:49 DEBUG headers:125 - http-outgoing-95 << Content-Type:application/json; charset=utf-8
2017-09-01 18:03:49 DEBUG headers:125 - http-outgoing-95 << Connection:close
2017-09-01 18:03:49 DEBUG DefaultManagedHttpClientConnection:79 - http-outgoing-95: Close connection
2017-09-01 18:03:49 DEBUG MainClientExec:104 - Connection discarded
2017-09-01 18:03:49 DEBUG PoolingHttpClientConnectionManager:326 - Connection released: [id: 95][route: {}->http://localhost:36844][total kept alive: 0; route allocated: 0 of 2000; total allocated: 1 of 2000]
2017-09-01 18:03:49 DEBUG RequestAddCookies:123 - CookieSpec selected: default
2017-09-01 18:03:49 DEBUG RequestAuthCache:77 - Auth cache not set in the context
2017-09-01 18:03:49 DEBUG PoolingHttpClientConnectionManager:255 - Connection request: [route: {}->http://localhost:36844][total kept alive: 0; route allocated: 0 of 2000; total allocated: 1 of 2000]
2017-09-01 18:03:49 DEBUG PoolingHttpClientConnectionManager:288 - Connection leased: [id: 99][route: {}->http://localhost:36844][total kept alive: 0; route allocated: 1 of 2000; total allocated: 2 of 2000]
2017-09-01 18:03:49 DEBUG MainClientExec:235 - Opening connection {}->http://localhost:36844
2017-09-01 18:03:49 DEBUG DefaultHttpClientConnectionOperator:139 - Connecting to localhost/127.0.0.1:36844
2017-09-01 18:03:49 DEBUG DefaultHttpClientConnectionOperator:146 - Connection established 127.0.0.1:64045<->127.0.0.1:36844
2017-09-01 18:03:49 DEBUG DefaultManagedHttpClientConnection:88 - http-outgoing-99: set socket timeout to 10800000
2017-09-01 18:03:49 DEBUG MainClientExec:256 - Executing request POST /session/4bda34b5000fa186102c5d08e8c57dab/element HTTP/1.1
2017-09-01 18:03:49 DEBUG MainClientExec:261 - Target auth state: UNCHALLENGED
2017-09-01 18:03:49 DEBUG MainClientExec:267 - Proxy auth state: UNCHALLENGED
2017-09-01 18:03:49 DEBUG headers:133 - http-outgoing-99 >> POST /session/4bda34b5000fa186102c5d08e8c57dab/element HTTP/1.1
2017-09-01 18:03:49 DEBUG headers:136 - http-outgoing-99 >> Content-Type: application/json; charset=utf-8
2017-09-01 18:03:49 DEBUG headers:136 - http-outgoing-99 >> Content-Length: 63
2017-09-01 18:03:49 DEBUG headers:136 - http-outgoing-99 >> Host: localhost:36844
2017-09-01 18:03:49 DEBUG headers:136 - http-outgoing-99 >> Connection: Keep-Alive
2017-09-01 18:03:49 DEBUG headers:136 - http-outgoing-99 >> User-Agent: Apache-HttpClient/4.5.3 (Java/1.8.0_121)
2017-09-01 18:03:49 DEBUG headers:136 - http-outgoing-99 >> Accept-Encoding: gzip,deflate
2017-09-01 18:03:49 DEBUG wire:73 - http-outgoing-99 >> "POST /session/4bda34b5000fa186102c5d08e8c57dab/element HTTP/1.1[\r][\n]"
2017-09-01 18:03:49 DEBUG wire:73 - http-outgoing-99 >> "Content-Type: application/json; charset=utf-8[\r][\n]"
2017-09-01 18:03:49 DEBUG wire:73 - http-outgoing-99 >> "Content-Length: 63[\r][\n]"
2017-09-01 18:03:49 DEBUG wire:73 - http-outgoing-99 >> "Host: localhost:36844[\r][\n]"
2017-09-01 18:03:49 DEBUG wire:73 - http-outgoing-99 >> "Connection: Keep-Alive[\r][\n]"
2017-09-01 18:03:49 DEBUG wire:73 - http-outgoing-99 >> "User-Agent: Apache-HttpClient/4.5.3 (Java/1.8.0_121)[\r][\n]"
2017-09-01 18:03:49 DEBUG wire:73 - http-outgoing-99 >> "Accept-Encoding: gzip,deflate[\r][\n]"
2017-09-01 18:03:49 DEBUG wire:73 - http-outgoing-99 >> "[\r][\n]"
2017-09-01 18:03:49 DEBUG wire:87 - http-outgoing-99 >> "{"using":"xpath","value":"//*[@id=\"login-form\"]/div[1]/span"}"
2017-09-01 18:03:49 DEBUG wire:73 - http-outgoing-99 << "HTTP/1.1 200 OK[\r][\n]"
2017-09-01 18:03:49 DEBUG wire:73 - http-outgoing-99 << "Content-Length:103[\r][\n]"
2017-09-01 18:03:49 DEBUG wire:73 - http-outgoing-99 << "Content-Type:application/json; charset=utf-8[\r][\n]"
2017-09-01 18:03:49 DEBUG wire:73 - http-outgoing-99 << "Connection:close[\r][\n]"
2017-09-01 18:03:49 DEBUG wire:73 - http-outgoing-99 << "[\r][\n]"
2017-09-01 18:03:49 DEBUG wire:87 - http-outgoing-99 << "{"sessionId":"4bda34b5000fa186102c5d08e8c57dab","status":0,"value":{"ELEMENT":"0.44367710481951894-4"}}"
2017-09-01 18:03:49 DEBUG headers:122 - http-outgoing-99 << HTTP/1.1 200 OK
2017-09-01 18:03:49 DEBUG headers:125 - http-outgoing-99 << Content-Length:103
2017-09-01 18:03:49 DEBUG headers:125 - http-outgoing-99 << Content-Type:application/json; charset=utf-8
2017-09-01 18:03:49 DEBUG headers:125 - http-outgoing-99 << Connection:close
2017-09-01 18:03:49 DEBUG DefaultManagedHttpClientConnection:79 - http-outgoing-99: Close connection
2017-09-01 18:03:49 DEBUG MainClientExec:104 - Connection discarded
2017-09-01 18:03:49 DEBUG PoolingHttpClientConnectionManager:326 - Connection released: [id: 99][route: {}->http://localhost:36844][total kept alive: 0; route allocated: 0 of 2000; total allocated: 1 of 2000]
2017-09-01 18:03:49 DEBUG RequestAddCookies:123 - CookieSpec selected: default
2017-09-01 18:03:49 DEBUG RequestAuthCache:77 - Auth cache not set in the context
2017-09-01 18:03:49 DEBUG PoolingHttpClientConnectionManager:255 - Connection request: [route: {}->http://localhost:36844][total kept alive: 0; route allocated: 0 of 2000; total allocated: 1 of 2000]
2017-09-01 18:03:49 DEBUG PoolingHttpClientConnectionManager:288 - Connection leased: [id: 100][route: {}->http://localhost:36844][total kept alive: 0; route allocated: 1 of 2000; total allocated: 2 of 2000]
2017-09-01 18:03:49 DEBUG MainClientExec:235 - Opening connection {}->http://localhost:36844
2017-09-01 18:03:49 DEBUG DefaultHttpClientConnectionOperator:139 - Connecting to localhost/127.0.0.1:36844
2017-09-01 18:03:49 DEBUG DefaultHttpClientConnectionOperator:146 - Connection established 127.0.0.1:64046<->127.0.0.1:36844
2017-09-01 18:03:49 DEBUG DefaultManagedHttpClientConnection:88 - http-outgoing-100: set socket timeout to 10800000
2017-09-01 18:03:49 DEBUG MainClientExec:256 - Executing request GET /session/4bda34b5000fa186102c5d08e8c57dab/element/0.44367710481951894-4/displayed HTTP/1.1
2017-09-01 18:03:49 DEBUG MainClientExec:261 - Target auth state: UNCHALLENGED
2017-09-01 18:03:49 DEBUG MainClientExec:267 - Proxy auth state: UNCHALLENGED
2017-09-01 18:03:49 DEBUG headers:133 - http-outgoing-100 >> GET /session/4bda34b5000fa186102c5d08e8c57dab/element/0.44367710481951894-4/displayed HTTP/1.1
2017-09-01 18:03:49 DEBUG headers:136 - http-outgoing-100 >> Cache-Control: no-cache
2017-09-01 18:03:49 DEBUG headers:136 - http-outgoing-100 >> Host: localhost:36844
2017-09-01 18:03:49 DEBUG headers:136 - http-outgoing-100 >> Connection: Keep-Alive
2017-09-01 18:03:49 DEBUG headers:136 - http-outgoing-100 >> User-Agent: Apache-HttpClient/4.5.3 (Java/1.8.0_121)
2017-09-01 18:03:49 DEBUG headers:136 - http-outgoing-100 >> Accept-Encoding: gzip,deflate
2017-09-01 18:03:49 DEBUG wire:73 - http-outgoing-100 >> "GET /session/4bda34b5000fa186102c5d08e8c57dab/element/0.44367710481951894-4/displayed HTTP/1.1[\r][\n]"
2017-09-01 18:03:49 DEBUG wire:73 - http-outgoing-100 >> "Cache-Control: no-cache[\r][\n]"
2017-09-01 18:03:49 DEBUG wire:73 - http-outgoing-100 >> "Host: localhost:36844[\r][\n]"
2017-09-01 18:03:49 DEBUG wire:73 - http-outgoing-100 >> "Connection: Keep-Alive[\r][\n]"
2017-09-01 18:03:49 DEBUG wire:73 - http-outgoing-100 >> "User-Agent: Apache-HttpClient/4.5.3 (Java/1.8.0_121)[\r][\n]"
2017-09-01 18:03:49 DEBUG wire:73 - http-outgoing-100 >> "Accept-Encoding: gzip,deflate[\r][\n]"
2017-09-01 18:03:49 DEBUG wire:73 - http-outgoing-100 >> "[\r][\n]"
2017-09-01 18:03:49 DEBUG wire:73 - http-outgoing-98 << "HTTP/1.1 200 OK[\r][\n]"
2017-09-01 18:03:49 DEBUG wire:73 - http-outgoing-98 << "Content-Length:266[\r][\n]"
2017-09-01 18:03:49 DEBUG wire:73 - http-outgoing-98 << "Content-Type:application/json; charset=utf-8[\r][\n]"
2017-09-01 18:03:49 DEBUG wire:73 - http-outgoing-98 << "Connection:close[\r][\n]"
2017-09-01 18:03:49 DEBUG wire:73 - http-outgoing-98 << "[\r][\n]"
2017-09-01 18:03:49 DEBUG wire:87 - http-outgoing-98 << "{"sessionId":"b5b3c5c5de5f61650519d2d29d48958e","status":11,"value":{"message":"element not visible\n  (Session info: chrome=60.0.3112.113)\n  (Driver info: chromedriver=2.29.461591 (62ebf098771772160f391d75e589dc567915b233),platform=Windows NT 10.0.14393 x86_64)"}}"
2017-09-01 18:03:49 DEBUG headers:122 - http-outgoing-98 << HTTP/1.1 200 OK
2017-09-01 18:03:49 DEBUG headers:125 - http-outgoing-98 << Content-Length:266
2017-09-01 18:03:49 DEBUG headers:125 - http-outgoing-98 << Content-Type:application/json; charset=utf-8
2017-09-01 18:03:49 DEBUG headers:125 - http-outgoing-98 << Connection:close
2017-09-01 18:03:49 DEBUG DefaultManagedHttpClientConnection:79 - http-outgoing-98: Close connection
2017-09-01 18:03:49 DEBUG MainClientExec:104 - Connection discarded
2017-09-01 18:03:49 DEBUG PoolingHttpClientConnectionManager:326 - Connection released: [id: 98][route: {}->http://localhost:2055][total kept alive: 0; route allocated: 0 of 2000; total allocated: 1 of 2000]
]]></system-out>
  </testcase>
  <testcase name="enterMinThenMinEmail" classname="Login" time="0.033"/>
  <testcase name="assertChangingTemplateItem" classname="SideMenu" time="0.438">
    <failure message="element not visible&#10;  (Session info: chrome=60.0.3112.113)&#10;  (Driver info: chromedriver=2.29.461591 (62ebf098771772160f391d75e589dc567915b233),platform=Windows NT 10.0.14393 x86_64) (WARNING: The server did not provide any stacktrace information)&#10;Command duration or timeout: 210 milliseconds&#10;Build info: version: &apos;3.4.0&apos;, revision: &apos;unknown&apos;, time: &apos;unknown&apos;&#10;System info: host: &apos;DESKTOP-D6S82PI&apos;, ip: &apos;192.168.230.2&apos;, os.name: &apos;Windows 10&apos;, os.arch: &apos;amd64&apos;, os.version: &apos;10.0&apos;, java.version: &apos;1.8.0_121&apos;&#10;Driver info: org.openqa.selenium.chrome.ChromeDriver&#10;Capabilities [{applicationCacheEnabled=false, rotatable=false, mobileEmulationEnabled=false, networkConnectionEnabled=false, chrome={chromedriverVersion=2.29.461591 (62ebf098771772160f391d75e589dc567915b233), userDataDir=C:\Users\3671~1\AppData\Local\Temp\scoped_dir7008_398}, takesHeapSnapshot=true, pageLoadStrategy=normal, databaseEnabled=false, handlesAlerts=true, hasTouchScreen=false, version=60.0.3112.113, platform=XP, browserConnectionEnabled=false, nativeEvents=true, acceptSslCerts=true, locationContextEnabled=true, webStorageEnabled=true, browserName=chrome, takesScreenshot=true, javascriptEnabled=true, cssSelectorsEnabled=true, unexpectedAlertBehaviour=}]&#10;Session ID: b5b3c5c5de5f61650519d2d29d48958e" type="org.openqa.selenium.ElementNotVisibleException">org.openqa.selenium.ElementNotVisibleException: element not visible
  (Session info: chrome=60.0.3112.113)
  (Driver info: chromedriver=2.29.461591 (62ebf098771772160f391d75e589dc567915b233),platform=Windows NT 10.0.14393 x86_64) (WARNING: The server did not provide any stacktrace information)
Command duration or timeout: 210 milliseconds
Build info: version: '3.4.0', revision: 'unknown', time: 'unknown'
System info: host: 'DESKTOP-D6S82PI', ip: '192.168.230.2', os.name: 'Windows 10', os.arch: 'amd64', os.version: '10.0', java.version: '1.8.0_121'
Driver info: org.openqa.selenium.chrome.ChromeDriver
Capabilities [{applicationCacheEnabled=false, rotatable=false, mobileEmulationEnabled=false, networkConnectionEnabled=false, chrome={chromedriverVersion=2.29.461591 (62ebf098771772160f391d75e589dc567915b233), userDataDir=C:\Users\3671~1\AppData\Local\Temp\scoped_dir7008_398}, takesHeapSnapshot=true, pageLoadStrategy=normal, databaseEnabled=false, handlesAlerts=true, hasTouchScreen=false, version=60.0.3112.113, platform=XP, browserConnectionEnabled=false, nativeEvents=true, acceptSslCerts=true, locationContextEnabled=true, webStorageEnabled=true, browserName=chrome, takesScreenshot=true, javascriptEnabled=true, cssSelectorsEnabled=true, unexpectedAlertBehaviour=}]
Session ID: b5b3c5c5de5f61650519d2d29d48958e
	at sun.reflect.NativeConstructorAccessorImpl.newInstance0(Native Method)
	at sun.reflect.NativeConstructorAccessorImpl.newInstance(NativeConstructorAccessorImpl.java:62)
	at sun.reflect.DelegatingConstructorAccessorImpl.newInstance(DelegatingConstructorAccessorImpl.java:45)
	at java.lang.reflect.Constructor.newInstance(Constructor.java:423)
	at org.openqa.selenium.remote.ErrorHandler.createThrowable(ErrorHandler.java:215)
	at org.openqa.selenium.remote.ErrorHandler.throwIfResponseFailed(ErrorHandler.java:167)
	at org.openqa.selenium.remote.RemoteWebDriver.execute(RemoteWebDriver.java:671)
	at org.openqa.selenium.remote.RemoteWebElement.execute(RemoteWebElement.java:272)
	at org.openqa.selenium.remote.RemoteWebElement.click(RemoteWebElement.java:82)
	at ui.SideMenuPage.clickUpcomingItem(SideMenuPage.java:44)
	at SideMenu.assertChangingTemplateItem(SideMenu.java:91)
</failure>
    <system-out><![CDATA[2017-09-01 18:03:49 DEBUG RequestAddCookies:123 - CookieSpec selected: default
2017-09-01 18:03:49 DEBUG RequestAuthCache:77 - Auth cache not set in the context
2017-09-01 18:03:49 DEBUG PoolingHttpClientConnectionManager:255 - Connection request: [route: {}->http://localhost:36844][total kept alive: 0; route allocated: 0 of 2000; total allocated: 1 of 2000]
2017-09-01 18:03:49 DEBUG PoolingHttpClientConnectionManager:288 - Connection leased: [id: 102][route: {}->http://localhost:36844][total kept alive: 0; route allocated: 1 of 2000; total allocated: 2 of 2000]
2017-09-01 18:03:49 DEBUG MainClientExec:235 - Opening connection {}->http://localhost:36844
2017-09-01 18:03:49 DEBUG DefaultHttpClientConnectionOperator:139 - Connecting to localhost/127.0.0.1:36844
2017-09-01 18:03:49 DEBUG DefaultHttpClientConnectionOperator:146 - Connection established 127.0.0.1:64048<->127.0.0.1:36844
2017-09-01 18:03:49 DEBUG DefaultManagedHttpClientConnection:88 - http-outgoing-102: set socket timeout to 10800000
2017-09-01 18:03:49 DEBUG MainClientExec:256 - Executing request POST /session/4bda34b5000fa186102c5d08e8c57dab/url HTTP/1.1
2017-09-01 18:03:49 DEBUG MainClientExec:261 - Target auth state: UNCHALLENGED
2017-09-01 18:03:49 DEBUG MainClientExec:267 - Proxy auth state: UNCHALLENGED
2017-09-01 18:03:49 DEBUG headers:133 - http-outgoing-102 >> POST /session/4bda34b5000fa186102c5d08e8c57dab/url HTTP/1.1
2017-09-01 18:03:49 DEBUG headers:136 - http-outgoing-102 >> Content-Type: application/json; charset=utf-8
2017-09-01 18:03:49 DEBUG headers:136 - http-outgoing-102 >> Content-Length: 47
2017-09-01 18:03:49 DEBUG headers:136 - http-outgoing-102 >> Host: localhost:36844
2017-09-01 18:03:49 DEBUG headers:136 - http-outgoing-102 >> Connection: Keep-Alive
2017-09-01 18:03:49 DEBUG headers:136 - http-outgoing-102 >> User-Agent: Apache-HttpClient/4.5.3 (Java/1.8.0_121)
2017-09-01 18:03:49 DEBUG headers:136 - http-outgoing-102 >> Accept-Encoding: gzip,deflate
2017-09-01 18:03:49 DEBUG wire:73 - http-outgoing-102 >> "POST /session/4bda34b5000fa186102c5d08e8c57dab/url HTTP/1.1[\r][\n]"
2017-09-01 18:03:49 DEBUG wire:73 - http-outgoing-102 >> "Content-Type: application/json; charset=utf-8[\r][\n]"
2017-09-01 18:03:49 DEBUG wire:73 - http-outgoing-102 >> "Content-Length: 47[\r][\n]"
2017-09-01 18:03:49 DEBUG wire:73 - http-outgoing-102 >> "Host: localhost:36844[\r][\n]"
2017-09-01 18:03:49 DEBUG wire:73 - http-outgoing-102 >> "Connection: Keep-Alive[\r][\n]"
2017-09-01 18:03:49 DEBUG wire:73 - http-outgoing-102 >> "User-Agent: Apache-HttpClient/4.5.3 (Java/1.8.0_121)[\r][\n]"
2017-09-01 18:03:49 DEBUG wire:73 - http-outgoing-102 >> "Accept-Encoding: gzip,deflate[\r][\n]"
2017-09-01 18:03:49 DEBUG wire:73 - http-outgoing-102 >> "[\r][\n]"
2017-09-01 18:03:49 DEBUG wire:87 - http-outgoing-102 >> "{"url":"https://dev-interviewer.herokuapp.com"}"
2017-09-01 18:03:49 DEBUG wire:73 - http-outgoing-101 << "HTTP/1.1 200 OK[\r][\n]"
2017-09-01 18:03:49 DEBUG wire:73 - http-outgoing-101 << "Content-Length:72[\r][\n]"
2017-09-01 18:03:49 DEBUG wire:73 - http-outgoing-101 << "Content-Type:application/json; charset=utf-8[\r][\n]"
2017-09-01 18:03:49 DEBUG wire:73 - http-outgoing-101 << "Connection:close[\r][\n]"
2017-09-01 18:03:49 DEBUG wire:73 - http-outgoing-101 << "[\r][\n]"
2017-09-01 18:03:49 DEBUG wire:87 - http-outgoing-101 << "{"sessionId":"b5b3c5c5de5f61650519d2d29d48958e","status":0,"value":null}"
2017-09-01 18:03:49 DEBUG headers:122 - http-outgoing-101 << HTTP/1.1 200 OK
2017-09-01 18:03:49 DEBUG headers:125 - http-outgoing-101 << Content-Length:72
2017-09-01 18:03:49 DEBUG headers:125 - http-outgoing-101 << Content-Type:application/json; charset=utf-8
2017-09-01 18:03:49 DEBUG headers:125 - http-outgoing-101 << Connection:close
2017-09-01 18:03:49 DEBUG DefaultManagedHttpClientConnection:79 - http-outgoing-101: Close connection
2017-09-01 18:03:49 DEBUG MainClientExec:104 - Connection discarded
2017-09-01 18:03:49 DEBUG PoolingHttpClientConnectionManager:326 - Connection released: [id: 101][route: {}->http://localhost:2055][total kept alive: 0; route allocated: 0 of 2000; total allocated: 1 of 2000]
2017-09-01 18:03:49 DEBUG RequestAddCookies:123 - CookieSpec selected: default
2017-09-01 18:03:49 DEBUG RequestAuthCache:77 - Auth cache not set in the context
2017-09-01 18:03:49 DEBUG PoolingHttpClientConnectionManager:255 - Connection request: [route: {}->http://localhost:2055][total kept alive: 0; route allocated: 0 of 2000; total allocated: 1 of 2000]
2017-09-01 18:03:49 DEBUG PoolingHttpClientConnectionManager:288 - Connection leased: [id: 103][route: {}->http://localhost:2055][total kept alive: 0; route allocated: 1 of 2000; total allocated: 2 of 2000]
2017-09-01 18:03:49 DEBUG MainClientExec:235 - Opening connection {}->http://localhost:2055
2017-09-01 18:03:49 DEBUG DefaultHttpClientConnectionOperator:139 - Connecting to localhost/127.0.0.1:2055
2017-09-01 18:03:49 DEBUG DefaultHttpClientConnectionOperator:146 - Connection established 127.0.0.1:64049<->127.0.0.1:2055
2017-09-01 18:03:49 DEBUG DefaultManagedHttpClientConnection:88 - http-outgoing-103: set socket timeout to 10800000
2017-09-01 18:03:49 DEBUG MainClientExec:256 - Executing request POST /session/b5b3c5c5de5f61650519d2d29d48958e/element HTTP/1.1
2017-09-01 18:03:49 DEBUG MainClientExec:261 - Target auth state: UNCHALLENGED
2017-09-01 18:03:49 DEBUG MainClientExec:267 - Proxy auth state: UNCHALLENGED
2017-09-01 18:03:49 DEBUG headers:133 - http-outgoing-103 >> POST /session/b5b3c5c5de5f61650519d2d29d48958e/element HTTP/1.1
2017-09-01 18:03:49 DEBUG headers:136 - http-outgoing-103 >> Content-Type: application/json; charset=utf-8
2017-09-01 18:03:49 DEBUG headers:136 - http-outgoing-103 >> Content-Length: 90
2017-09-01 18:03:49 DEBUG headers:136 - http-outgoing-103 >> Host: localhost:2055
2017-09-01 18:03:49 DEBUG headers:136 - http-outgoing-103 >> Connection: Keep-Alive
2017-09-01 18:03:49 DEBUG headers:136 - http-outgoing-103 >> User-Agent: Apache-HttpClient/4.5.3 (Java/1.8.0_121)
2017-09-01 18:03:49 DEBUG headers:136 - http-outgoing-103 >> Accept-Encoding: gzip,deflate
2017-09-01 18:03:49 DEBUG wire:73 - http-outgoing-103 >> "POST /session/b5b3c5c5de5f61650519d2d29d48958e/element HTTP/1.1[\r][\n]"
2017-09-01 18:03:49 DEBUG wire:73 - http-outgoing-103 >> "Content-Type: application/json; charset=utf-8[\r][\n]"
2017-09-01 18:03:49 DEBUG wire:73 - http-outgoing-103 >> "Content-Length: 90[\r][\n]"
2017-09-01 18:03:49 DEBUG wire:73 - http-outgoing-103 >> "Host: localhost:2055[\r][\n]"
2017-09-01 18:03:49 DEBUG wire:73 - http-outgoing-103 >> "Connection: Keep-Alive[\r][\n]"
2017-09-01 18:03:49 DEBUG wire:73 - http-outgoing-103 >> "User-Agent: Apache-HttpClient/4.5.3 (Java/1.8.0_121)[\r][\n]"
2017-09-01 18:03:49 DEBUG wire:73 - http-outgoing-103 >> "Accept-Encoding: gzip,deflate[\r][\n]"
2017-09-01 18:03:49 DEBUG wire:73 - http-outgoing-103 >> "[\r][\n]"
2017-09-01 18:03:49 DEBUG wire:87 - http-outgoing-103 >> "{"using":"xpath","value":"//*[@id=\"app\"]/div/div[1]/div/div[2]/div/ul/li[1]/ul/li[1]/a"}"
2017-09-01 18:03:49 DEBUG wire:73 - http-outgoing-103 << "HTTP/1.1 200 OK[\r][\n]"
2017-09-01 18:03:49 DEBUG wire:73 - http-outgoing-103 << "Content-Length:101[\r][\n]"
2017-09-01 18:03:49 DEBUG wire:73 - http-outgoing-103 << "Content-Type:application/json; charset=utf-8[\r][\n]"
2017-09-01 18:03:49 DEBUG wire:73 - http-outgoing-103 << "Connection:close[\r][\n]"
2017-09-01 18:03:49 DEBUG wire:73 - http-outgoing-103 << "[\r][\n]"
2017-09-01 18:03:49 DEBUG wire:87 - http-outgoing-103 << "{"sessionId":"b5b3c5c5de5f61650519d2d29d48958e","status":0,"value":{"ELEMENT":"0.967513451722845-3"}}"
2017-09-01 18:03:49 DEBUG headers:122 - http-outgoing-103 << HTTP/1.1 200 OK
2017-09-01 18:03:49 DEBUG headers:125 - http-outgoing-103 << Content-Length:101
2017-09-01 18:03:49 DEBUG headers:125 - http-outgoing-103 << Content-Type:application/json; charset=utf-8
2017-09-01 18:03:49 DEBUG headers:125 - http-outgoing-103 << Connection:close
2017-09-01 18:03:49 DEBUG DefaultManagedHttpClientConnection:79 - http-outgoing-103: Close connection
2017-09-01 18:03:49 DEBUG MainClientExec:104 - Connection discarded
2017-09-01 18:03:49 DEBUG PoolingHttpClientConnectionManager:326 - Connection released: [id: 103][route: {}->http://localhost:2055][total kept alive: 0; route allocated: 0 of 2000; total allocated: 1 of 2000]
2017-09-01 18:03:49 DEBUG RequestAddCookies:123 - CookieSpec selected: default
2017-09-01 18:03:49 DEBUG RequestAuthCache:77 - Auth cache not set in the context
2017-09-01 18:03:49 DEBUG PoolingHttpClientConnectionManager:255 - Connection request: [route: {}->http://localhost:2055][total kept alive: 0; route allocated: 0 of 2000; total allocated: 1 of 2000]
2017-09-01 18:03:49 DEBUG PoolingHttpClientConnectionManager:288 - Connection leased: [id: 104][route: {}->http://localhost:2055][total kept alive: 0; route allocated: 1 of 2000; total allocated: 2 of 2000]
2017-09-01 18:03:49 DEBUG MainClientExec:235 - Opening connection {}->http://localhost:2055
2017-09-01 18:03:49 DEBUG DefaultHttpClientConnectionOperator:139 - Connecting to localhost/127.0.0.1:2055
2017-09-01 18:03:49 DEBUG DefaultHttpClientConnectionOperator:146 - Connection established 127.0.0.1:64054<->127.0.0.1:2055
2017-09-01 18:03:49 DEBUG DefaultManagedHttpClientConnection:88 - http-outgoing-104: set socket timeout to 10800000
2017-09-01 18:03:49 DEBUG MainClientExec:256 - Executing request POST /session/b5b3c5c5de5f61650519d2d29d48958e/element/0.967513451722845-3/click HTTP/1.1
2017-09-01 18:03:49 DEBUG MainClientExec:261 - Target auth state: UNCHALLENGED
2017-09-01 18:03:49 DEBUG MainClientExec:267 - Proxy auth state: UNCHALLENGED
2017-09-01 18:03:49 DEBUG headers:133 - http-outgoing-104 >> POST /session/b5b3c5c5de5f61650519d2d29d48958e/element/0.967513451722845-3/click HTTP/1.1
2017-09-01 18:03:49 DEBUG headers:136 - http-outgoing-104 >> Content-Type: application/json; charset=utf-8
2017-09-01 18:03:49 DEBUG headers:136 - http-outgoing-104 >> Content-Length: 28
2017-09-01 18:03:49 DEBUG headers:136 - http-outgoing-104 >> Host: localhost:2055
2017-09-01 18:03:49 DEBUG headers:136 - http-outgoing-104 >> Connection: Keep-Alive
2017-09-01 18:03:49 DEBUG headers:136 - http-outgoing-104 >> User-Agent: Apache-HttpClient/4.5.3 (Java/1.8.0_121)
2017-09-01 18:03:49 DEBUG headers:136 - http-outgoing-104 >> Accept-Encoding: gzip,deflate
2017-09-01 18:03:49 DEBUG wire:73 - http-outgoing-104 >> "POST /session/b5b3c5c5de5f61650519d2d29d48958e/element/0.967513451722845-3/click HTTP/1.1[\r][\n]"
2017-09-01 18:03:49 DEBUG wire:73 - http-outgoing-104 >> "Content-Type: application/json; charset=utf-8[\r][\n]"
2017-09-01 18:03:49 DEBUG wire:73 - http-outgoing-104 >> "Content-Length: 28[\r][\n]"
2017-09-01 18:03:49 DEBUG wire:73 - http-outgoing-104 >> "Host: localhost:2055[\r][\n]"
2017-09-01 18:03:49 DEBUG wire:73 - http-outgoing-104 >> "Connection: Keep-Alive[\r][\n]"
2017-09-01 18:03:49 DEBUG wire:73 - http-outgoing-104 >> "User-Agent: Apache-HttpClient/4.5.3 (Java/1.8.0_121)[\r][\n]"
2017-09-01 18:03:49 DEBUG wire:73 - http-outgoing-104 >> "Accept-Encoding: gzip,deflate[\r][\n]"
2017-09-01 18:03:49 DEBUG wire:73 - http-outgoing-104 >> "[\r][\n]"
2017-09-01 18:03:49 DEBUG wire:87 - http-outgoing-104 >> "{"id":"0.967513451722845-3"}"
2017-09-01 18:03:50 DEBUG wire:73 - http-outgoing-102 << "HTTP/1.1 200 OK[\r][\n]"
2017-09-01 18:03:50 DEBUG wire:73 - http-outgoing-102 << "Content-Length:72[\r][\n]"
2017-09-01 18:03:50 DEBUG wire:73 - http-outgoing-102 << "Content-Type:application/json; charset=utf-8[\r][\n]"
2017-09-01 18:03:50 DEBUG wire:73 - http-outgoing-102 << "Connection:close[\r][\n]"
2017-09-01 18:03:50 DEBUG wire:73 - http-outgoing-102 << "[\r][\n]"
2017-09-01 18:03:50 DEBUG wire:87 - http-outgoing-102 << "{"sessionId":"4bda34b5000fa186102c5d08e8c57dab","status":0,"value":null}"
2017-09-01 18:03:50 DEBUG headers:122 - http-outgoing-102 << HTTP/1.1 200 OK
2017-09-01 18:03:50 DEBUG headers:125 - http-outgoing-102 << Content-Length:72
2017-09-01 18:03:50 DEBUG headers:125 - http-outgoing-102 << Content-Type:application/json; charset=utf-8
2017-09-01 18:03:50 DEBUG headers:125 - http-outgoing-102 << Connection:close
2017-09-01 18:03:50 DEBUG DefaultManagedHttpClientConnection:79 - http-outgoing-102: Close connection
2017-09-01 18:03:50 DEBUG MainClientExec:104 - Connection discarded
2017-09-01 18:03:50 DEBUG PoolingHttpClientConnectionManager:326 - Connection released: [id: 102][route: {}->http://localhost:36844][total kept alive: 0; route allocated: 0 of 2000; total allocated: 1 of 2000]
2017-09-01 18:03:50 DEBUG RequestAddCookies:123 - CookieSpec selected: default
2017-09-01 18:03:50 DEBUG RequestAuthCache:77 - Auth cache not set in the context
2017-09-01 18:03:50 DEBUG PoolingHttpClientConnectionManager:255 - Connection request: [route: {}->http://localhost:36844][total kept alive: 0; route allocated: 0 of 2000; total allocated: 1 of 2000]
2017-09-01 18:03:50 DEBUG PoolingHttpClientConnectionManager:288 - Connection leased: [id: 105][route: {}->http://localhost:36844][total kept alive: 0; route allocated: 1 of 2000; total allocated: 2 of 2000]
2017-09-01 18:03:50 DEBUG MainClientExec:235 - Opening connection {}->http://localhost:36844
2017-09-01 18:03:50 DEBUG DefaultHttpClientConnectionOperator:139 - Connecting to localhost/127.0.0.1:36844
2017-09-01 18:03:50 DEBUG DefaultHttpClientConnectionOperator:146 - Connection established 127.0.0.1:64055<->127.0.0.1:36844
2017-09-01 18:03:50 DEBUG DefaultManagedHttpClientConnection:88 - http-outgoing-105: set socket timeout to 10800000
2017-09-01 18:03:50 DEBUG MainClientExec:256 - Executing request POST /session/4bda34b5000fa186102c5d08e8c57dab/element HTTP/1.1
2017-09-01 18:03:50 DEBUG MainClientExec:261 - Target auth state: UNCHALLENGED
2017-09-01 18:03:50 DEBUG MainClientExec:267 - Proxy auth state: UNCHALLENGED
2017-09-01 18:03:50 DEBUG headers:133 - http-outgoing-105 >> POST /session/4bda34b5000fa186102c5d08e8c57dab/element HTTP/1.1
2017-09-01 18:03:50 DEBUG headers:136 - http-outgoing-105 >> Content-Type: application/json; charset=utf-8
2017-09-01 18:03:50 DEBUG headers:136 - http-outgoing-105 >> Content-Length: 38
2017-09-01 18:03:50 DEBUG headers:136 - http-outgoing-105 >> Host: localhost:36844
2017-09-01 18:03:50 DEBUG headers:136 - http-outgoing-105 >> Connection: Keep-Alive
2017-09-01 18:03:50 DEBUG headers:136 - http-outgoing-105 >> User-Agent: Apache-HttpClient/4.5.3 (Java/1.8.0_121)
2017-09-01 18:03:50 DEBUG headers:136 - http-outgoing-105 >> Accept-Encoding: gzip,deflate
2017-09-01 18:03:50 DEBUG wire:73 - http-outgoing-105 >> "POST /session/4bda34b5000fa186102c5d08e8c57dab/element HTTP/1.1[\r][\n]"
2017-09-01 18:03:50 DEBUG wire:73 - http-outgoing-105 >> "Content-Type: application/json; charset=utf-8[\r][\n]"
2017-09-01 18:03:50 DEBUG wire:73 - http-outgoing-105 >> "Content-Length: 38[\r][\n]"
2017-09-01 18:03:50 DEBUG wire:73 - http-outgoing-105 >> "Host: localhost:36844[\r][\n]"
2017-09-01 18:03:50 DEBUG wire:73 - http-outgoing-105 >> "Connection: Keep-Alive[\r][\n]"
2017-09-01 18:03:50 DEBUG wire:73 - http-outgoing-105 >> "User-Agent: Apache-HttpClient/4.5.3 (Java/1.8.0_121)[\r][\n]"
2017-09-01 18:03:50 DEBUG wire:73 - http-outgoing-105 >> "Accept-Encoding: gzip,deflate[\r][\n]"
2017-09-01 18:03:50 DEBUG wire:73 - http-outgoing-105 >> "[\r][\n]"
2017-09-01 18:03:50 DEBUG wire:87 - http-outgoing-105 >> "{"using":"link text","value":"Log in"}"
2017-09-01 18:03:50 DEBUG wire:73 - http-outgoing-104 << "HTTP/1.1 200 OK[\r][\n]"
2017-09-01 18:03:50 DEBUG wire:73 - http-outgoing-104 << "Content-Length:266[\r][\n]"
2017-09-01 18:03:50 DEBUG wire:73 - http-outgoing-104 << "Content-Type:application/json; charset=utf-8[\r][\n]"
2017-09-01 18:03:50 DEBUG wire:73 - http-outgoing-104 << "Connection:close[\r][\n]"
2017-09-01 18:03:50 DEBUG wire:73 - http-outgoing-104 << "[\r][\n]"
2017-09-01 18:03:50 DEBUG wire:87 - http-outgoing-104 << "{"sessionId":"b5b3c5c5de5f61650519d2d29d48958e","status":11,"value":{"message":"element not visible\n  (Session info: chrome=60.0.3112.113)\n  (Driver info: chromedriver=2.29.461591 (62ebf098771772160f391d75e589dc567915b233),platform=Windows NT 10.0.14393 x86_64)"}}"
2017-09-01 18:03:50 DEBUG headers:122 - http-outgoing-104 << HTTP/1.1 200 OK
2017-09-01 18:03:50 DEBUG headers:125 - http-outgoing-104 << Content-Length:266
2017-09-01 18:03:50 DEBUG headers:125 - http-outgoing-104 << Content-Type:application/json; charset=utf-8
2017-09-01 18:03:50 DEBUG headers:125 - http-outgoing-104 << Connection:close
2017-09-01 18:03:50 DEBUG DefaultManagedHttpClientConnection:79 - http-outgoing-104: Close connection
2017-09-01 18:03:50 DEBUG MainClientExec:104 - Connection discarded
2017-09-01 18:03:50 DEBUG PoolingHttpClientConnectionManager:326 - Connection released: [id: 104][route: {}->http://localhost:2055][total kept alive: 0; route allocated: 0 of 2000; total allocated: 1 of 2000]
]]></system-out>
  </testcase>
  <testcase name="enterMinThenMinPassword" classname="Login" time="8.369"/>
  <testcase name="enterWithEmptyPassword" classname="Login" time="1.325"/>
  <testcase name="assertIconsOfMenuItems" classname="SideMenu" time="0.029"/>
  <testcase name="enterWithWrongEmail" classname="Login" time="0.047"/>
  <testcase name="enterWithWrongPassword" classname="Login" time="0.018"/>
  <testcase name="passwordHolder" classname="Login" time="0.028"/>
  <testcase name="passwordWithAsterisk" classname="Login" time="0.304"/>
</testsuite>