<?xml version="1.0" encoding="UTF-8"?>
<testng-results skipped="0" failed="2" ignored="7" total="25" passed="16">
  <reporter-output>
  </reporter-output>
  <suite name="Parallel test suite" duration-ms="42171" started-at="2017-09-01T15:03:20Z" finished-at="2017-09-01T15:04:03Z">
    <groups>
      <group name="12">
        <method signature="Login.dontHaveAccount()[pri:0, instance:Login@7946e1f4]" name="dontHaveAccount" class="Login"/>
      </group> <!-- 12 -->
      <group name="14">
        <method signature="SideMenu.asserHideMenu()[pri:0, instance:SideMenu@6d78f375]" name="asserHideMenu" class="SideMenu"/>
      </group> <!-- 14 -->
      <group name="18">
        <method signature="SideMenu.assertIconsOfMenuItems()[pri:0, instance:SideMenu@6d78f375]" name="assertIconsOfMenuItems" class="SideMenu"/>
      </group> <!-- 18 -->
      <group name="19">
        <method signature="SideMenu.assertChangingTemplateItem()[pri:0, instance:SideMenu@6d78f375]" name="assertChangingTemplateItem" class="SideMenu"/>
      </group> <!-- 19 -->
      <group name="emailInput">
        <method signature="Login.enterEmail()[pri:0, instance:Login@7946e1f4]" name="enterEmail" class="Login"/>
        <method signature="Login.enterMaxEmail()[pri:0, instance:Login@7946e1f4]" name="enterMaxEmail" class="Login"/>
        <method signature="Login.enterMinThenMinEmail()[pri:0, instance:Login@7946e1f4]" name="enterMinThenMinEmail" class="Login"/>
      </group> <!-- emailInput -->
      <group name="wrongEmailOrPasswrd">
        <method signature="Login.enterWithEmptyPassword()[pri:0, instance:Login@7946e1f4]" name="enterWithEmptyPassword" class="Login"/>
        <method signature="Login.enterWithWrongEmail()[pri:0, instance:Login@7946e1f4]" name="enterWithWrongEmail" class="Login"/>
        <method signature="Login.enterWithWrongPassword()[pri:0, instance:Login@7946e1f4]" name="enterWithWrongPassword" class="Login"/>
      </group> <!-- wrongEmailOrPasswrd -->
      <group name="2">
        <method signature="Login.assertElementsOnPage()[pri:0, instance:Login@7946e1f4]" name="assertElementsOnPage" class="Login"/>
      </group> <!-- 2 -->
      <group name="10.2">
        <method signature="Login.enterMaxPassword()[pri:0, instance:Login@7946e1f4]" name="enterMaxPassword" class="Login"/>
      </group> <!-- 10.2 -->
      <group name="4">
        <method signature="Login.passwordWithAsterisk()[pri:0, instance:Login@7946e1f4]" name="passwordWithAsterisk" class="Login"/>
      </group> <!-- 4 -->
      <group name="10.1">
        <method signature="Login.enterMinPassword()[pri:0, instance:Login@7946e1f4]" name="enterMinPassword" class="Login"/>
      </group> <!-- 10.1 -->
      <group name="5">
        <method signature="Login.passwordHolder()[pri:0, instance:Login@7946e1f4]" name="passwordHolder" class="Login"/>
      </group> <!-- 5 -->
      <group name="passwordCheck">
        <method signature="Login.enterMaxPassword()[pri:0, instance:Login@7946e1f4]" name="enterMaxPassword" class="Login"/>
        <method signature="Login.enterMinPassword()[pri:0, instance:Login@7946e1f4]" name="enterMinPassword" class="Login"/>
        <method signature="Login.enterMinThenMinPassword()[pri:0, instance:Login@7946e1f4]" name="enterMinThenMinPassword" class="Login"/>
      </group> <!-- passwordCheck -->
      <group name="8">
        <method signature="Login.enterWithWrongEmail()[pri:0, instance:Login@7946e1f4]" name="enterWithWrongEmail" class="Login"/>
      </group> <!-- 8 -->
      <group name="functest">
        <method signature="Login.assertElementsOnPage()[pri:0, instance:Login@7946e1f4]" name="assertElementsOnPage" class="Login"/>
        <method signature="Login.dontHaveAccount()[pri:0, instance:Login@7946e1f4]" name="dontHaveAccount" class="Login"/>
        <method signature="Login.enterEmail()[pri:0, instance:Login@7946e1f4]" name="enterEmail" class="Login"/>
        <method signature="Login.enterMaxEmail()[pri:0, instance:Login@7946e1f4]" name="enterMaxEmail" class="Login"/>
        <method signature="Login.enterMaxPassword()[pri:0, instance:Login@7946e1f4]" name="enterMaxPassword" class="Login"/>
        <method signature="Login.enterMinPassword()[pri:0, instance:Login@7946e1f4]" name="enterMinPassword" class="Login"/>
        <method signature="Login.enterMinThenMinEmail()[pri:0, instance:Login@7946e1f4]" name="enterMinThenMinEmail" class="Login"/>
        <method signature="Login.enterMinThenMinPassword()[pri:0, instance:Login@7946e1f4]" name="enterMinThenMinPassword" class="Login"/>
        <method signature="Login.enterWithEmptyPassword()[pri:0, instance:Login@7946e1f4]" name="enterWithEmptyPassword" class="Login"/>
        <method signature="Login.enterWithWrongEmail()[pri:0, instance:Login@7946e1f4]" name="enterWithWrongEmail" class="Login"/>
        <method signature="Login.enterWithWrongPassword()[pri:0, instance:Login@7946e1f4]" name="enterWithWrongPassword" class="Login"/>
        <method signature="Login.passwordHolder()[pri:0, instance:Login@7946e1f4]" name="passwordHolder" class="Login"/>
        <method signature="Login.passwordWithAsterisk()[pri:0, instance:Login@7946e1f4]" name="passwordWithAsterisk" class="Login"/>
        <method signature="SideMenu.asserHideMenu()[pri:0, instance:SideMenu@6d78f375]" name="asserHideMenu" class="SideMenu"/>
        <method signature="SideMenu.asserItemLinks()[pri:0, instance:SideMenu@6d78f375]" name="asserItemLinks" class="SideMenu"/>
        <method signature="SideMenu.assertActiveItem()[pri:0, instance:SideMenu@6d78f375]" name="assertActiveItem" class="SideMenu"/>
        <method signature="SideMenu.assertChangingTemplateItem()[pri:0, instance:SideMenu@6d78f375]" name="assertChangingTemplateItem" class="SideMenu"/>
        <method signature="SideMenu.assertIconsOfMenuItems()[pri:0, instance:SideMenu@6d78f375]" name="assertIconsOfMenuItems" class="SideMenu"/>
      </group> <!-- functest -->
      <group name="9">
        <method signature="Login.enterMinThenMinEmail()[pri:0, instance:Login@7946e1f4]" name="enterMinThenMinEmail" class="Login"/>
      </group> <!-- 9 -->
      <group name="8.1">
        <method signature="Login.enterWithEmptyPassword()[pri:0, instance:Login@7946e1f4]" name="enterWithEmptyPassword" class="Login"/>
      </group> <!-- 8.1 -->
      <group name="9.1">
        <method signature="Login.enterEmail()[pri:0, instance:Login@7946e1f4]" name="enterEmail" class="Login"/>
      </group> <!-- 9.1 -->
      <group name="8.2">
        <method signature="Login.enterWithWrongPassword()[pri:0, instance:Login@7946e1f4]" name="enterWithWrongPassword" class="Login"/>
      </group> <!-- 8.2 -->
      <group name="9.2">
        <method signature="Login.enterMaxEmail()[pri:0, instance:Login@7946e1f4]" name="enterMaxEmail" class="Login"/>
      </group> <!-- 9.2 -->
      <group name="20">
        <method signature="SideMenu.assertActiveItem()[pri:0, instance:SideMenu@6d78f375]" name="assertActiveItem" class="SideMenu"/>
      </group> <!-- 20 -->
      <group name="10">
        <method signature="Login.enterMinThenMinPassword()[pri:0, instance:Login@7946e1f4]" name="enterMinThenMinPassword" class="Login"/>
      </group> <!-- 10 -->
      <group name="21">
        <method signature="SideMenu.asserItemLinks()[pri:0, instance:SideMenu@6d78f375]" name="asserItemLinks" class="SideMenu"/>
      </group> <!-- 21 -->
    </groups>
    <test name="functestForLoginPage" duration-ms="41035" started-at="2017-09-01T15:03:20Z" finished-at="2017-09-01T15:04:01Z">
      <class name="Login">
        <test-method status="PASS" signature="before()[pri:0, instance:Login@7946e1f4]" name="before" is-config="true" duration-ms="6925" started-at="2017-09-01T18:03:20Z" finished-at="2017-09-01T18:03:27Z">
          <reporter-output>
          </reporter-output>
        </test-method> <!-- before -->
        <test-method status="PASS" signature="assertElementsOnPage()[pri:0, instance:Login@7946e1f4]" name="assertElementsOnPage" duration-ms="9321" started-at="2017-09-01T18:03:27Z" finished-at="2017-09-01T18:03:37Z">
          <reporter-output>
          </reporter-output>
        </test-method> <!-- assertElementsOnPage -->
        <test-method status="PASS" signature="dontHaveAccount()[pri:0, instance:Login@7946e1f4]" name="dontHaveAccount" duration-ms="3765" started-at="2017-09-01T18:03:37Z" finished-at="2017-09-01T18:03:40Z">
          <reporter-output>
          </reporter-output>
        </test-method> <!-- dontHaveAccount -->
        <test-method status="PASS" signature="enterEmail()[pri:0, instance:Login@7946e1f4]" name="enterEmail" duration-ms="1700" started-at="2017-09-01T18:03:40Z" finished-at="2017-09-01T18:03:42Z">
          <reporter-output>
          </reporter-output>
        </test-method> <!-- enterEmail -->
        <test-method status="PASS" signature="enterMaxEmail()[pri:0, instance:Login@7946e1f4]" name="enterMaxEmail" duration-ms="1178" started-at="2017-09-01T18:03:42Z" finished-at="2017-09-01T18:03:43Z">
          <reporter-output>
          </reporter-output>
        </test-method> <!-- enterMaxEmail -->
        <test-method status="PASS" signature="enterMaxPassword()[pri:0, instance:Login@7946e1f4]" name="enterMaxPassword" duration-ms="1294" started-at="2017-09-01T18:03:43Z" finished-at="2017-09-01T18:03:45Z">
          <reporter-output>
          </reporter-output>
        </test-method> <!-- enterMaxPassword -->
        <test-method status="PASS" signature="enterMinPassword()[pri:0, instance:Login@7946e1f4]" name="enterMinPassword" duration-ms="2921" started-at="2017-09-01T18:03:45Z" finished-at="2017-09-01T18:03:47Z">
          <reporter-output>
          </reporter-output>
        </test-method> <!-- enterMinPassword -->
        <test-method status="PASS" signature="enterMinThenMinEmail()[pri:0, instance:Login@7946e1f4]" name="enterMinThenMinEmail" duration-ms="1674" started-at="2017-09-01T18:03:48Z" finished-at="2017-09-01T18:03:49Z">
          <reporter-output>
          </reporter-output>
        </test-method> <!-- enterMinThenMinEmail -->
        <test-method status="PASS" signature="enterMinThenMinPassword()[pri:0, instance:Login@7946e1f4]" name="enterMinThenMinPassword" duration-ms="2784" started-at="2017-09-01T18:03:49Z" finished-at="2017-09-01T18:03:52Z">
          <reporter-output>
          </reporter-output>
        </test-method> <!-- enterMinThenMinPassword -->
        <test-method status="PASS" signature="enterWithEmptyPassword()[pri:0, instance:Login@7946e1f4]" name="enterWithEmptyPassword" duration-ms="2064" started-at="2017-09-01T18:03:52Z" finished-at="2017-09-01T18:03:54Z">
          <reporter-output>
          </reporter-output>
        </test-method> <!-- enterWithEmptyPassword -->
        <test-method status="PASS" signature="enterWithWrongEmail()[pri:0, instance:Login@7946e1f4]" name="enterWithWrongEmail" duration-ms="1631" started-at="2017-09-01T18:03:54Z" finished-at="2017-09-01T18:03:56Z">
          <reporter-output>
          </reporter-output>
        </test-method> <!-- enterWithWrongEmail -->
        <test-method status="PASS" signature="enterWithWrongPassword()[pri:0, instance:Login@7946e1f4]" name="enterWithWrongPassword" duration-ms="1446" started-at="2017-09-01T18:03:56Z" finished-at="2017-09-01T18:03:57Z">
          <reporter-output>
          </reporter-output>
        </test-method> <!-- enterWithWrongPassword -->
        <test-method status="PASS" signature="passwordHolder()[pri:0, instance:Login@7946e1f4]" name="passwordHolder" duration-ms="1170" started-at="2017-09-01T18:03:57Z" finished-at="2017-09-01T18:03:58Z">
          <reporter-output>
          </reporter-output>
        </test-method> <!-- passwordHolder -->
        <test-method status="PASS" signature="passwordWithAsterisk()[pri:0, instance:Login@7946e1f4]" name="passwordWithAsterisk" duration-ms="1426" started-at="2017-09-01T18:03:58Z" finished-at="2017-09-01T18:04:00Z">
          <reporter-output>
          </reporter-output>
        </test-method> <!-- passwordWithAsterisk -->
        <test-method status="PASS" signature="after()[pri:0, instance:Login@7946e1f4]" name="after" is-config="true" duration-ms="1659" started-at="2017-09-01T18:04:00Z" finished-at="2017-09-01T18:04:01Z">
          <reporter-output>
          </reporter-output>
        </test-method> <!-- after -->
      </class> <!-- Login -->
    </test> <!-- functestForLoginPage -->
    <test name="functestForSideMenu" duration-ms="42168" started-at="2017-09-01T15:03:20Z" finished-at="2017-09-01T15:04:03Z">
      <class name="SideMenu">
        <test-method status="PASS" signature="before()[pri:0, instance:SideMenu@6d78f375]" name="before" is-config="true" duration-ms="17996" started-at="2017-09-01T18:03:20Z" finished-at="2017-09-01T18:03:38Z">
          <reporter-output>
          </reporter-output>
        </test-method> <!-- before -->
        <test-method status="PASS" signature="asserHideMenu()[pri:0, instance:SideMenu@6d78f375]" name="asserHideMenu" duration-ms="3041" started-at="2017-09-01T18:03:38Z" finished-at="2017-09-01T18:03:41Z">
          <reporter-output>
          </reporter-output>
        </test-method> <!-- asserHideMenu -->
        <test-method status="PASS" signature="asserItemLinks()[pri:0, instance:SideMenu@6d78f375]" name="asserItemLinks" duration-ms="7352" started-at="2017-09-01T18:03:41Z" finished-at="2017-09-01T18:03:49Z">
          <reporter-output>
          </reporter-output>
        </test-method> <!-- asserItemLinks -->
        <test-method status="FAIL" signature="assertActiveItem()[pri:0, instance:SideMenu@6d78f375]" name="assertActiveItem" duration-ms="345" started-at="2017-09-01T18:03:49Z" finished-at="2017-09-01T18:03:49Z">
          <exception class="org.openqa.selenium.ElementNotVisibleException">
            <message>
              <![CDATA[element not visible
  (Session info: chrome=60.0.3112.113)
  (Driver info: chromedriver=2.29.461591 (62ebf098771772160f391d75e589dc567915b233),platform=Windows NT 10.0.14393 x86_64) (WARNING: The server did not provide any stacktrace information)
Command duration or timeout: 162 milliseconds
Build info: version: '3.4.0', revision: 'unknown', time: 'unknown'
System info: host: 'DESKTOP-D6S82PI', ip: '192.168.230.2', os.name: 'Windows 10', os.arch: 'amd64', os.version: '10.0', java.version: '1.8.0_121'
Driver info: org.openqa.selenium.chrome.ChromeDriver
Capabilities [{applicationCacheEnabled=false, rotatable=false, mobileEmulationEnabled=false, networkConnectionEnabled=false, chrome={chromedriverVersion=2.29.461591 (62ebf098771772160f391d75e589dc567915b233), userDataDir=C:\Users\3671~1\AppData\Local\Temp\scoped_dir7008_398}, takesHeapSnapshot=true, pageLoadStrategy=normal, databaseEnabled=false, handlesAlerts=true, hasTouchScreen=false, version=60.0.3112.113, platform=XP, browserConnectionEnabled=false, nativeEvents=true, acceptSslCerts=true, locationContextEnabled=true, webStorageEnabled=true, browserName=chrome, takesScreenshot=true, javascriptEnabled=true, cssSelectorsEnabled=true, unexpectedAlertBehaviour=}]
Session ID: b5b3c5c5de5f61650519d2d29d48958e]]>
            </message>
            <full-stacktrace>
              <![CDATA[org.openqa.selenium.ElementNotVisibleException: element not visible
  (Session info: chrome=60.0.3112.113)
  (Driver info: chromedriver=2.29.461591 (62ebf098771772160f391d75e589dc567915b233),platform=Windows NT 10.0.14393 x86_64) (WARNING: The server did not provide any stacktrace information)
Command duration or timeout: 162 milliseconds
Build info: version: '3.4.0', revision: 'unknown', time: 'unknown'
System info: host: 'DESKTOP-D6S82PI', ip: '192.168.230.2', os.name: 'Windows 10', os.arch: 'amd64', os.version: '10.0', java.version: '1.8.0_121'
Driver info: org.openqa.selenium.chrome.ChromeDriver
Capabilities [{applicationCacheEnabled=false, rotatable=false, mobileEmulationEnabled=false, networkConnectionEnabled=false, chrome={chromedriverVersion=2.29.461591 (62ebf098771772160f391d75e589dc567915b233), userDataDir=C:\Users\3671~1\AppData\Local\Temp\scoped_dir7008_398}, takesHeapSnapshot=true, pageLoadStrategy=normal, databaseEnabled=false, handlesAlerts=true, hasTouchScreen=false, version=60.0.3112.113, platform=XP, browserConnectionEnabled=false, nativeEvents=true, acceptSslCerts=true, locationContextEnabled=true, webStorageEnabled=true, browserName=chrome, takesScreenshot=true, javascriptEnabled=true, cssSelectorsEnabled=true, unexpectedAlertBehaviour=}]
Session ID: b5b3c5c5de5f61650519d2d29d48958e
	at sun.reflect.NativeConstructorAccessorImpl.newInstance0(Native Method)
	at sun.reflect.NativeConstructorAccessorImpl.newInstance(NativeConstructorAccessorImpl.java:62)
	at sun.reflect.DelegatingConstructorAccessorImpl.newInstance(DelegatingConstructorAccessorImpl.java:45)
	at java.lang.reflect.Constructor.newInstance(Constructor.java:423)
	at org.openqa.selenium.remote.ErrorHandler.createThrowable(ErrorHandler.java:215)
	at org.openqa.selenium.remote.ErrorHandler.throwIfResponseFailed(ErrorHandler.java:167)
	at org.openqa.selenium.remote.RemoteWebDriver.execute(RemoteWebDriver.java:671)
	at org.openqa.selenium.remote.RemoteWebElement.execute(RemoteWebElement.java:272)
	at org.openqa.selenium.remote.RemoteWebElement.click(RemoteWebElement.java:82)
	at ui.SideMenuPage.clickUpcomingItem(SideMenuPage.java:44)
	at SideMenu.assertActiveItem(SideMenu.java:137)
	at sun.reflect.NativeMethodAccessorImpl.invoke0(Native Method)
	at sun.reflect.NativeMethodAccessorImpl.invoke(NativeMethodAccessorImpl.java:62)
	at sun.reflect.DelegatingMethodAccessorImpl.invoke(DelegatingMethodAccessorImpl.java:43)
	at java.lang.reflect.Method.invoke(Method.java:498)
	at org.testng.internal.MethodInvocationHelper.invokeMethod(MethodInvocationHelper.java:108)
	at org.testng.internal.Invoker.invokeMethod(Invoker.java:661)
	at org.testng.internal.Invoker.invokeTestMethod(Invoker.java:869)
	at org.testng.internal.Invoker.invokeTestMethods(Invoker.java:1193)
	at org.testng.internal.TestMethodWorker.invokeTestMethods(TestMethodWorker.java:126)
	at org.testng.internal.TestMethodWorker.run(TestMethodWorker.java:109)
	at org.testng.TestRunner.privateRun(TestRunner.java:744)
	at org.testng.TestRunner.run(TestRunner.java:602)
	at org.testng.SuiteRunner.runTest(SuiteRunner.java:380)
	at org.testng.SuiteRunner.access$000(SuiteRunner.java:39)
	at org.testng.SuiteRunner$SuiteWorker.run(SuiteRunner.java:414)
	at org.testng.internal.thread.ThreadUtil$1.call(ThreadUtil.java:52)
	at java.util.concurrent.FutureTask.run(FutureTask.java:266)
	at java.util.concurrent.ThreadPoolExecutor.runWorker(ThreadPoolExecutor.java:1142)
	at java.util.concurrent.ThreadPoolExecutor$Worker.run(ThreadPoolExecutor.java:617)
	at java.lang.Thread.run(Thread.java:745)
]]>
            </full-stacktrace>
          </exception> <!-- org.openqa.selenium.ElementNotVisibleException -->
          <reporter-output>
          </reporter-output>
        </test-method> <!-- assertActiveItem -->
        <test-method status="FAIL" signature="assertChangingTemplateItem()[pri:0, instance:SideMenu@6d78f375]" name="assertChangingTemplateItem" duration-ms="470" started-at="2017-09-01T18:03:49Z" finished-at="2017-09-01T18:03:50Z">
          <exception class="org.openqa.selenium.ElementNotVisibleException">
            <message>
              <![CDATA[element not visible
  (Session info: chrome=60.0.3112.113)
  (Driver info: chromedriver=2.29.461591 (62ebf098771772160f391d75e589dc567915b233),platform=Windows NT 10.0.14393 x86_64) (WARNING: The server did not provide any stacktrace information)
Command duration or timeout: 210 milliseconds
Build info: version: '3.4.0', revision: 'unknown', time: 'unknown'
System info: host: 'DESKTOP-D6S82PI', ip: '192.168.230.2', os.name: 'Windows 10', os.arch: 'amd64', os.version: '10.0', java.version: '1.8.0_121'
Driver info: org.openqa.selenium.chrome.ChromeDriver
Capabilities [{applicationCacheEnabled=false, rotatable=false, mobileEmulationEnabled=false, networkConnectionEnabled=false, chrome={chromedriverVersion=2.29.461591 (62ebf098771772160f391d75e589dc567915b233), userDataDir=C:\Users\3671~1\AppData\Local\Temp\scoped_dir7008_398}, takesHeapSnapshot=true, pageLoadStrategy=normal, databaseEnabled=false, handlesAlerts=true, hasTouchScreen=false, version=60.0.3112.113, platform=XP, browserConnectionEnabled=false, nativeEvents=true, acceptSslCerts=true, locationContextEnabled=true, webStorageEnabled=true, browserName=chrome, takesScreenshot=true, javascriptEnabled=true, cssSelectorsEnabled=true, unexpectedAlertBehaviour=}]
Session ID: b5b3c5c5de5f61650519d2d29d48958e]]>
            </message>
            <full-stacktrace>
              <![CDATA[org.openqa.selenium.ElementNotVisibleException: element not visible
  (Session info: chrome=60.0.3112.113)
  (Driver info: chromedriver=2.29.461591 (62ebf098771772160f391d75e589dc567915b233),platform=Windows NT 10.0.14393 x86_64) (WARNING: The server did not provide any stacktrace information)
Command duration or timeout: 210 milliseconds
Build info: version: '3.4.0', revision: 'unknown', time: 'unknown'
System info: host: 'DESKTOP-D6S82PI', ip: '192.168.230.2', os.name: 'Windows 10', os.arch: 'amd64', os.version: '10.0', java.version: '1.8.0_121'
Driver info: org.openqa.selenium.chrome.ChromeDriver
Capabilities [{applicationCacheEnabled=false, rotatable=false, mobileEmulationEnabled=false, networkConnectionEnabled=false, chrome={chromedriverVersion=2.29.461591 (62ebf098771772160f391d75e589dc567915b233), userDataDir=C:\Users\3671~1\AppData\Local\Temp\scoped_dir7008_398}, takesHeapSnapshot=true, pageLoadStrategy=normal, databaseEnabled=false, handlesAlerts=true, hasTouchScreen=false, version=60.0.3112.113, platform=XP, browserConnectionEnabled=false, nativeEvents=true, acceptSslCerts=true, locationContextEnabled=true, webStorageEnabled=true, browserName=chrome, takesScreenshot=true, javascriptEnabled=true, cssSelectorsEnabled=true, unexpectedAlertBehaviour=}]
Session ID: b5b3c5c5de5f61650519d2d29d48958e
	at sun.reflect.NativeConstructorAccessorImpl.newInstance0(Native Method)
	at sun.reflect.NativeConstructorAccessorImpl.newInstance(NativeConstructorAccessorImpl.java:62)
	at sun.reflect.DelegatingConstructorAccessorImpl.newInstance(DelegatingConstructorAccessorImpl.java:45)
	at java.lang.reflect.Constructor.newInstance(Constructor.java:423)
	at org.openqa.selenium.remote.ErrorHandler.createThrowable(ErrorHandler.java:215)
	at org.openqa.selenium.remote.ErrorHandler.throwIfResponseFailed(ErrorHandler.java:167)
	at org.openqa.selenium.remote.RemoteWebDriver.execute(RemoteWebDriver.java:671)
	at org.openqa.selenium.remote.RemoteWebElement.execute(RemoteWebElement.java:272)
	at org.openqa.selenium.remote.RemoteWebElement.click(RemoteWebElement.java:82)
	at ui.SideMenuPage.clickUpcomingItem(SideMenuPage.java:44)
	at SideMenu.assertChangingTemplateItem(SideMenu.java:91)
	at sun.reflect.NativeMethodAccessorImpl.invoke0(Native Method)
	at sun.reflect.NativeMethodAccessorImpl.invoke(NativeMethodAccessorImpl.java:62)
	at sun.reflect.DelegatingMethodAccessorImpl.invoke(DelegatingMethodAccessorImpl.java:43)
	at java.lang.reflect.Method.invoke(Method.java:498)
	at org.testng.internal.MethodInvocationHelper.invokeMethod(MethodInvocationHelper.java:108)
	at org.testng.internal.Invoker.invokeMethod(Invoker.java:661)
	at org.testng.internal.Invoker.invokeTestMethod(Invoker.java:869)
	at org.testng.internal.Invoker.invokeTestMethods(Invoker.java:1193)
	at org.testng.internal.TestMethodWorker.invokeTestMethods(TestMethodWorker.java:126)
	at org.testng.internal.TestMethodWorker.run(TestMethodWorker.java:109)
	at org.testng.TestRunner.privateRun(TestRunner.java:744)
	at org.testng.TestRunner.run(TestRunner.java:602)
	at org.testng.SuiteRunner.runTest(SuiteRunner.java:380)
	at org.testng.SuiteRunner.access$000(SuiteRunner.java:39)
	at org.testng.SuiteRunner$SuiteWorker.run(SuiteRunner.java:414)
	at org.testng.internal.thread.ThreadUtil$1.call(ThreadUtil.java:52)
	at java.util.concurrent.FutureTask.run(FutureTask.java:266)
	at java.util.concurrent.ThreadPoolExecutor.runWorker(ThreadPoolExecutor.java:1142)
	at java.util.concurrent.ThreadPoolExecutor$Worker.run(ThreadPoolExecutor.java:617)
	at java.lang.Thread.run(Thread.java:745)
]]>
            </full-stacktrace>
          </exception> <!-- org.openqa.selenium.ElementNotVisibleException -->
          <reporter-output>
          </reporter-output>
        </test-method> <!-- assertChangingTemplateItem -->
        <test-method status="PASS" signature="assertIconsOfMenuItems()[pri:0, instance:SideMenu@6d78f375]" name="assertIconsOfMenuItems" duration-ms="5608" started-at="2017-09-01T18:03:50Z" finished-at="2017-09-01T18:03:55Z">
          <reporter-output>
          </reporter-output>
        </test-method> <!-- assertIconsOfMenuItems -->
        <test-method status="PASS" signature="after()[pri:0, instance:SideMenu@6d78f375]" name="after" is-config="true" duration-ms="7277" started-at="2017-09-01T18:03:55Z" finished-at="2017-09-01T18:04:03Z">
          <reporter-output>
          </reporter-output>
        </test-method> <!-- after -->
      </class> <!-- SideMenu -->
    </test> <!-- functestForSideMenu -->
  </suite> <!-- Parallel test suite -->
</testng-results>
