<?xml version="1.0" encoding="UTF-8"?>
<!-- Generated by org.testng.reporters.JUnitXMLReporter -->
<testsuite hostname="OKSANA" ignored="6" name="functestForLoginPage" tests="13" failures="0" timestamp="08 сен 2017 14:07:45 GMT" time="59.205" errors="0">
  <testcase name="assertElementsOnPage" time="13.372" classname="ui.Login"/>
  <testcase name="dontHaveAccount" time="4.078" classname="ui.Login"/>
  <testcase name="enterEmail" time="2.552" classname="ui.Login"/>
  <testcase name="enterMaxEmail" time="1.809" classname="ui.Login"/>
  <testcase name="enterMaxPassword" time="0.974" classname="ui.Login"/>
  <testcase name="enterMinPassword" time="2.729" classname="ui.Login"/>
  <testcase name="enterMinThenMinEmail" time="2.429" classname="ui.Login"/>
  <testcase name="enterMinThenMinPassword" time="3.215" classname="ui.Login"/>
  <testcase name="enterWithEmptyPassword" time="3.503" classname="ui.Login"/>
  <testcase name="enterWithWrongEmail" time="2.786" classname="ui.Login"/>
  <testcase name="enterWithWrongPassword" time="2.734" classname="ui.Login"/>
  <testcase name="passwordHolder" time="1.717" classname="ui.Login"/>
  <testcase name="passwordWithAsterisk" time="1.68" classname="ui.Login"/>
  <testcase name="sentResultForPassword" time="0.0" classname="ui.Login">
    <ignored/>
  </testcase> <!-- sentResultForPassword -->
  <testcase name="sentResultForEmail" time="0.0" classname="ui.Login">
    <ignored/>
  </testcase> <!-- sentResultForEmail -->
  <testcase name="forgotYourPassword" time="0.0" classname="ui.Login">
    <ignored/>
  </testcase> <!-- forgotYourPassword -->
  <testcase name="enterAsHR" time="0.0" classname="ui.Login">
    <ignored/>
  </testcase> <!-- enterAsHR -->
  <testcase name="enterAsInterviewer" time="0.0" classname="ui.Login">
    <ignored/>
  </testcase> <!-- enterAsInterviewer -->
  <testcase name="resultForWrongEmailOrPasswrd" time="0.0" classname="ui.Login">
    <ignored/>
  </testcase> <!-- resultForWrongEmailOrPasswrd -->
</testsuite> <!-- functestForLoginPage -->
