<?xml version="1.0" encoding="UTF-8"?>
<!-- Generated by org.testng.reporters.JUnitXMLReporter -->
<testsuite hostname="OKSANA" ignored="6" name="functestForLoginPage" tests="13" failures="0" timestamp="06 сен 2017 12:41:42 GMT" time="99.483" errors="0">
  <testcase name="assertElementsOnPage" time="24.416" classname="ui.Login"/>
  <testcase name="dontHaveAccount" time="12.095" classname="ui.Login"/>
  <testcase name="enterEmail" time="4.895" classname="ui.Login"/>
  <testcase name="enterMaxEmail" time="1.446" classname="ui.Login"/>
  <testcase name="enterMaxPassword" time="2.467" classname="ui.Login"/>
  <testcase name="enterMinPassword" time="6.593" classname="ui.Login"/>
  <testcase name="enterMinThenMinEmail" time="4.207" classname="ui.Login"/>
  <testcase name="enterMinThenMinPassword" time="4.545" classname="ui.Login"/>
  <testcase name="enterWithEmptyPassword" time="6.099" classname="ui.Login"/>
  <testcase name="enterWithWrongEmail" time="2.751" classname="ui.Login"/>
  <testcase name="enterWithWrongPassword" time="4.083" classname="ui.Login"/>
  <testcase name="passwordHolder" time="2.878" classname="ui.Login"/>
  <testcase name="passwordWithAsterisk" time="1.729" classname="ui.Login"/>
  <testcase name="sentResultForPassword" time="0.0" classname="ui.Login">
    <ignored/>
  </testcase> <!-- sentResultForPassword -->
  <testcase name="sentResultForEmail" time="0.0" classname="ui.Login">
    <ignored/>
  </testcase> <!-- sentResultForEmail -->
  <testcase name="forgotYourPassword" time="0.0" classname="ui.Login">
    <ignored/>
  </testcase> <!-- forgotYourPassword -->
  <testcase name="enterAsHR" time="0.0" classname="ui.Login">
    <ignored/>
  </testcase> <!-- enterAsHR -->
  <testcase name="enterAsInterviewer" time="0.0" classname="ui.Login">
    <ignored/>
  </testcase> <!-- enterAsInterviewer -->
  <testcase name="resultForWrongEmailOrPasswrd" time="0.0" classname="ui.Login">
    <ignored/>
  </testcase> <!-- resultForWrongEmailOrPasswrd -->
</testsuite> <!-- functestForLoginPage -->
