<?xml version="1.0" encoding="UTF-8"?>
<!-- Generated by org.testng.reporters.JUnitXMLReporter -->
<testsuite hostname="DESKTOP-II50ODI" ignored="1" tests="5" failures="1" timestamp="02 сен 2017 16:46:23 GMT" time="40.169" errors="0">
  <testcase name="asserHideMenu" time="0.57" classname="SideMenu">
    <failure type="java.lang.AssertionError" message="expected [true] but found [false]">
      <![CDATA[java.lang.AssertionError: expected [true] but found [false]
	at SideMenu.asserHideMenu(SideMenu.java:47)
	at java.util.concurrent.FutureTask.run(FutureTask.java:266)
	at java.util.concurrent.ThreadPoolExecutor.runWorker(ThreadPoolExecutor.java:1142)
	at java.util.concurrent.ThreadPoolExecutor$Worker.run(ThreadPoolExecutor.java:617)
	at java.lang.Thread.run(Thread.java:745)
... Removed 20 stack frames]]>
    </failure>
  </testcase> <!-- asserHideMenu -->
  <testcase name="asserItemLinks" time="6.369" classname="SideMenu"/>
  <testcase name="assertActiveItem" time="8.5" classname="SideMenu"/>
  <testcase name="assertChangingTemplateItem" time="7.526" classname="SideMenu"/>
  <testcase name="assertIconsOfMenuItems" time="3.116" classname="SideMenu"/>
  <testcase name="errorForFailFunc" time="0.0" classname="SideMenu">
    <ignored/>
  </testcase> <!-- errorForFailFunc -->
</testsuite>
